Reading netlist file: "C:\Users\Nadhir\Desktop\TP Transmission reception Verilog\UART IP\impl\gwsynthesis\UART IP.vg"
Parsing netlist file "C:\Users\Nadhir\Desktop\TP Transmission reception Verilog\UART IP\impl\gwsynthesis\UART IP.vg" completed
Processing netlist completed
Running placement......
[10%] Placement Phase 0 completed
[20%] Placement Phase 1 completed
[30%] Placement Phase 2 completed
[50%] Placement Phase 3 completed
Running routing......
[60%] Routing Phase 0 completed
[70%] Routing Phase 1 completed
[80%] Routing Phase 2 completed
[90%] Routing Phase 3 completed
Running timing analysis......
[95%] Timing analysis completed
Placement and routing completed
Bitstream generation in progress......
Bitstream generation completed
Running power analysis......
[100%] Power analysis completed
Generate file "C:\Users\Nadhir\Desktop\TP Transmission reception Verilog\UART IP\impl\pnr\UART IP.power.html" completed
Generate file "C:\Users\Nadhir\Desktop\TP Transmission reception Verilog\UART IP\impl\pnr\UART IP.pin.html" completed
Generate file "C:\Users\Nadhir\Desktop\TP Transmission reception Verilog\UART IP\impl\pnr\UART IP.rpt.html" completed
Generate file "C:\Users\Nadhir\Desktop\TP Transmission reception Verilog\UART IP\impl\pnr\UART IP.rpt.txt" completed
Generate file "C:\Users\Nadhir\Desktop\TP Transmission reception Verilog\UART IP\impl\pnr\UART IP.tr.html" completed
Tue Oct 22 14:19:01 2024

